[0.327s] Invoking command in '/home/salem/Desktop/f1tenth-autonomous-racing/map1/sim_ws/src/f1tenth_gym_ros': PYTHONPATH=/home/salem/Desktop/f1tenth-autonomous-racing/map1/sim_ws/build/f1tenth_gym_ros/prefix_override:/usr/lib/python3/dist-packages/colcon_core/task/python/colcon_distutils_commands:/home/salem/Desktop/f1tenth-autonomous-racing/map1/sim_ws/install/f1tenth_gym_ros/lib/python3.8/site-packages:${PYTHONPATH} /usr/bin/python3 -W ignore:setup.py install is deprecated -W ignore:easy_install command is deprecated setup.py egg_info --egg-base ../../build/f1tenth_gym_ros build --build-base /home/salem/Desktop/f1tenth-autonomous-racing/map1/sim_ws/build/f1tenth_gym_ros/build install --record /home/salem/Desktop/f1tenth-autonomous-racing/map1/sim_ws/build/f1tenth_gym_ros/install.log --single-version-externally-managed install_data
[0.427s] running egg_info
[0.427s] writing ../../build/f1tenth_gym_ros/f1tenth_gym_ros.egg-info/PKG-INFO
[0.428s] writing dependency_links to ../../build/f1tenth_gym_ros/f1tenth_gym_ros.egg-info/dependency_links.txt
[0.428s] writing entry points to ../../build/f1tenth_gym_ros/f1tenth_gym_ros.egg-info/entry_points.txt
[0.428s] writing requirements to ../../build/f1tenth_gym_ros/f1tenth_gym_ros.egg-info/requires.txt
[0.428s] writing top-level names to ../../build/f1tenth_gym_ros/f1tenth_gym_ros.egg-info/top_level.txt
[0.446s] reading manifest file '../../build/f1tenth_gym_ros/f1tenth_gym_ros.egg-info/SOURCES.txt'
[0.446s] writing manifest file '../../build/f1tenth_gym_ros/f1tenth_gym_ros.egg-info/SOURCES.txt'
[0.446s] running build
[0.446s] running build_py
[0.447s] running install
[0.447s] running install_lib
[0.448s] running install_data
[0.448s] copying config/sim.yaml -> /home/salem/Desktop/f1tenth-autonomous-racing/map1/sim_ws/install/f1tenth_gym_ros/share/f1tenth_gym_ros/config
[0.448s] running install_egg_info
[0.449s] removing '/home/salem/Desktop/f1tenth-autonomous-racing/map1/sim_ws/install/f1tenth_gym_ros/lib/python3.8/site-packages/f1tenth_gym_ros-0.0.0-py3.8.egg-info' (and everything under it)
[0.449s] Copying ../../build/f1tenth_gym_ros/f1tenth_gym_ros.egg-info to /home/salem/Desktop/f1tenth-autonomous-racing/map1/sim_ws/install/f1tenth_gym_ros/lib/python3.8/site-packages/f1tenth_gym_ros-0.0.0-py3.8.egg-info
[0.449s] running install_scripts
[0.460s] Installing gym_bridge script to /home/salem/Desktop/f1tenth-autonomous-racing/map1/sim_ws/install/f1tenth_gym_ros/lib/f1tenth_gym_ros
[0.460s] writing list of installed files to '/home/salem/Desktop/f1tenth-autonomous-racing/map1/sim_ws/build/f1tenth_gym_ros/install.log'
[0.475s] Invoked command in '/home/salem/Desktop/f1tenth-autonomous-racing/map1/sim_ws/src/f1tenth_gym_ros' returned '0': PYTHONPATH=/home/salem/Desktop/f1tenth-autonomous-racing/map1/sim_ws/build/f1tenth_gym_ros/prefix_override:/usr/lib/python3/dist-packages/colcon_core/task/python/colcon_distutils_commands:/home/salem/Desktop/f1tenth-autonomous-racing/map1/sim_ws/install/f1tenth_gym_ros/lib/python3.8/site-packages:${PYTHONPATH} /usr/bin/python3 -W ignore:setup.py install is deprecated -W ignore:easy_install command is deprecated setup.py egg_info --egg-base ../../build/f1tenth_gym_ros build --build-base /home/salem/Desktop/f1tenth-autonomous-racing/map1/sim_ws/build/f1tenth_gym_ros/build install --record /home/salem/Desktop/f1tenth-autonomous-racing/map1/sim_ws/build/f1tenth_gym_ros/install.log --single-version-externally-managed install_data
