running egg_info
creating ../../build/gap_follower_pkg/gap_follower_pkg.egg-info
writing ../../build/gap_follower_pkg/gap_follower_pkg.egg-info/PKG-INFO
writing dependency_links to ../../build/gap_follower_pkg/gap_follower_pkg.egg-info/dependency_links.txt
writing entry points to ../../build/gap_follower_pkg/gap_follower_pkg.egg-info/entry_points.txt
writing requirements to ../../build/gap_follower_pkg/gap_follower_pkg.egg-info/requires.txt
writing top-level names to ../../build/gap_follower_pkg/gap_follower_pkg.egg-info/top_level.txt
writing manifest file '../../build/gap_follower_pkg/gap_follower_pkg.egg-info/SOURCES.txt'
reading manifest file '../../build/gap_follower_pkg/gap_follower_pkg.egg-info/SOURCES.txt'
writing manifest file '../../build/gap_follower_pkg/gap_follower_pkg.egg-info/SOURCES.txt'
running build
running build_py
creating /home/salem/Desktop/f1tenth-autonomous-racing/map1/gap_follower/build/gap_follower_pkg/build
creating /home/salem/Desktop/f1tenth-autonomous-racing/map1/gap_follower/build/gap_follower_pkg/build/lib
creating /home/salem/Desktop/f1tenth-autonomous-racing/map1/gap_follower/build/gap_follower_pkg/build/lib/gap_follower_pkg
copying gap_follower_pkg/gap_follower.py -> /home/salem/Desktop/f1tenth-autonomous-racing/map1/gap_follower/build/gap_follower_pkg/build/lib/gap_follower_pkg
copying gap_follower_pkg/__init__.py -> /home/salem/Desktop/f1tenth-autonomous-racing/map1/gap_follower/build/gap_follower_pkg/build/lib/gap_follower_pkg
running install
running install_lib
creating /home/salem/Desktop/f1tenth-autonomous-racing/map1/gap_follower/install/gap_follower_pkg/lib/python3.8/site-packages/gap_follower_pkg
copying /home/salem/Desktop/f1tenth-autonomous-racing/map1/gap_follower/build/gap_follower_pkg/build/lib/gap_follower_pkg/gap_follower.py -> /home/salem/Desktop/f1tenth-autonomous-racing/map1/gap_follower/install/gap_follower_pkg/lib/python3.8/site-packages/gap_follower_pkg
copying /home/salem/Desktop/f1tenth-autonomous-racing/map1/gap_follower/build/gap_follower_pkg/build/lib/gap_follower_pkg/__init__.py -> /home/salem/Desktop/f1tenth-autonomous-racing/map1/gap_follower/install/gap_follower_pkg/lib/python3.8/site-packages/gap_follower_pkg
byte-compiling /home/salem/Desktop/f1tenth-autonomous-racing/map1/gap_follower/install/gap_follower_pkg/lib/python3.8/site-packages/gap_follower_pkg/gap_follower.py to gap_follower.cpython-38.pyc
byte-compiling /home/salem/Desktop/f1tenth-autonomous-racing/map1/gap_follower/install/gap_follower_pkg/lib/python3.8/site-packages/gap_follower_pkg/__init__.py to __init__.cpython-38.pyc
running install_data
creating /home/salem/Desktop/f1tenth-autonomous-racing/map1/gap_follower/install/gap_follower_pkg/share/ament_index
creating /home/salem/Desktop/f1tenth-autonomous-racing/map1/gap_follower/install/gap_follower_pkg/share/ament_index/resource_index
creating /home/salem/Desktop/f1tenth-autonomous-racing/map1/gap_follower/install/gap_follower_pkg/share/ament_index/resource_index/packages
copying resource/gap_follower_pkg -> /home/salem/Desktop/f1tenth-autonomous-racing/map1/gap_follower/install/gap_follower_pkg/share/ament_index/resource_index/packages
copying package.xml -> /home/salem/Desktop/f1tenth-autonomous-racing/map1/gap_follower/install/gap_follower_pkg/share/gap_follower_pkg
running install_egg_info
Copying ../../build/gap_follower_pkg/gap_follower_pkg.egg-info to /home/salem/Desktop/f1tenth-autonomous-racing/map1/gap_follower/install/gap_follower_pkg/lib/python3.8/site-packages/gap_follower_pkg-0.0.0-py3.8.egg-info
running install_scripts
Installing exe script to /home/salem/Desktop/f1tenth-autonomous-racing/map1/gap_follower/install/gap_follower_pkg/lib/gap_follower_pkg
writing list of installed files to '/home/salem/Desktop/f1tenth-autonomous-racing/map1/gap_follower/build/gap_follower_pkg/install.log'
