[0.118s] DEBUG:colcon:Command line arguments: ['/usr/bin/colcon', 'build']
[0.118s] DEBUG:colcon:Parsed command line arguments: Namespace(allow_overriding=[], ament_cmake_args=None, base_paths=['.'], build_base='build', catkin_cmake_args=None, catkin_skip_building_tests=False, cmake_args=None, cmake_clean_cache=False, cmake_clean_first=False, cmake_force_configure=False, cmake_target=None, cmake_target_skip_unavailable=False, continue_on_error=False, event_handlers=None, executor='parallel', ignore_user_meta=False, install_base='install', log_base=None, log_level=None, main=<bound method BuildVerb.main of <colcon_core.verb.build.BuildVerb object at 0x7fa2acd98850>>, merge_install=False, metas=['./colcon.meta'], packages_above=None, packages_above_and_dependencies=None, packages_above_depth=None, packages_end=None, packages_ignore=None, packages_ignore_regex=None, packages_select=None, packages_select_build_failed=False, packages_select_by_dep=None, packages_select_regex=None, packages_select_test_failures=False, packages_skip=None, packages_skip_build_finished=False, packages_skip_by_dep=None, packages_skip_regex=None, packages_skip_test_passed=False, packages_skip_up_to=None, packages_start=None, packages_up_to=None, packages_up_to_regex=None, parallel_workers=12, paths=None, symlink_install=False, test_result_base=None, verb_extension=<colcon_core.verb.build.BuildVerb object at 0x7fa2acd98850>, verb_name='build', verb_parser=<colcon_defaults.argument_parser.defaults.DefaultArgumentsDecorator object at 0x7fa2acd4a310>)
[0.209s] Level 1:colcon.colcon_core.package_discovery:discover_packages(colcon_meta) check parameters
[0.209s] Level 1:colcon.colcon_core.package_discovery:discover_packages(recursive) check parameters
[0.209s] Level 1:colcon.colcon_core.package_discovery:discover_packages(ignore) check parameters
[0.209s] Level 1:colcon.colcon_core.package_discovery:discover_packages(path) check parameters
[0.209s] Level 1:colcon.colcon_core.package_discovery:discover_packages(colcon_meta) discover
[0.209s] Level 1:colcon.colcon_core.package_discovery:discover_packages(recursive) discover
[0.209s] INFO:colcon.colcon_core.package_discovery:Crawling recursively for packages in '/home/salem/Desktop/f1tenth-autonomous-racing/map1/gap_follower'
[0.209s] Level 1:colcon.colcon_core.package_identification:_identify(.) by extensions ['ignore', 'ignore_ament_install']
[0.209s] Level 1:colcon.colcon_core.package_identification:_identify(.) by extension 'ignore'
[0.209s] Level 1:colcon.colcon_core.package_identification:_identify(.) by extension 'ignore_ament_install'
[0.209s] Level 1:colcon.colcon_core.package_identification:_identify(.) by extensions ['colcon_pkg']
[0.209s] Level 1:colcon.colcon_core.package_identification:_identify(.) by extension 'colcon_pkg'
[0.209s] Level 1:colcon.colcon_core.package_identification:_identify(.) by extensions ['colcon_meta']
[0.209s] Level 1:colcon.colcon_core.package_identification:_identify(.) by extension 'colcon_meta'
[0.210s] Level 1:colcon.colcon_core.package_identification:_identify(.) by extensions ['ros']
[0.210s] Level 1:colcon.colcon_core.package_identification:_identify(.) by extension 'ros'
[0.217s] Level 1:colcon.colcon_core.package_identification:_identify(.) by extensions ['cmake', 'python']
[0.217s] Level 1:colcon.colcon_core.package_identification:_identify(.) by extension 'cmake'
[0.217s] Level 1:colcon.colcon_core.package_identification:_identify(.) by extension 'python'
[0.217s] Level 1:colcon.colcon_core.package_identification:_identify(.) by extensions ['python_setup_py']
[0.217s] Level 1:colcon.colcon_core.package_identification:_identify(.) by extension 'python_setup_py'
[0.217s] Level 1:colcon.colcon_core.package_identification:_identify(build) by extensions ['ignore', 'ignore_ament_install']
[0.217s] Level 1:colcon.colcon_core.package_identification:_identify(build) by extension 'ignore'
[0.217s] Level 1:colcon.colcon_core.package_identification:_identify(build) ignored
[0.217s] Level 1:colcon.colcon_core.package_identification:_identify(install) by extensions ['ignore', 'ignore_ament_install']
[0.217s] Level 1:colcon.colcon_core.package_identification:_identify(install) by extension 'ignore'
[0.217s] Level 1:colcon.colcon_core.package_identification:_identify(install) ignored
[0.218s] Level 1:colcon.colcon_core.package_identification:_identify(log) by extensions ['ignore', 'ignore_ament_install']
[0.218s] Level 1:colcon.colcon_core.package_identification:_identify(log) by extension 'ignore'
[0.218s] Level 1:colcon.colcon_core.package_identification:_identify(log) ignored
[0.218s] Level 1:colcon.colcon_core.package_identification:_identify(src) by extensions ['ignore', 'ignore_ament_install']
[0.218s] Level 1:colcon.colcon_core.package_identification:_identify(src) by extension 'ignore'
[0.218s] Level 1:colcon.colcon_core.package_identification:_identify(src) by extension 'ignore_ament_install'
[0.218s] Level 1:colcon.colcon_core.package_identification:_identify(src) by extensions ['colcon_pkg']
[0.218s] Level 1:colcon.colcon_core.package_identification:_identify(src) by extension 'colcon_pkg'
[0.218s] Level 1:colcon.colcon_core.package_identification:_identify(src) by extensions ['colcon_meta']
[0.218s] Level 1:colcon.colcon_core.package_identification:_identify(src) by extension 'colcon_meta'
[0.218s] Level 1:colcon.colcon_core.package_identification:_identify(src) by extensions ['ros']
[0.218s] Level 1:colcon.colcon_core.package_identification:_identify(src) by extension 'ros'
[0.218s] Level 1:colcon.colcon_core.package_identification:_identify(src) by extensions ['cmake', 'python']
[0.218s] Level 1:colcon.colcon_core.package_identification:_identify(src) by extension 'cmake'
[0.219s] Level 1:colcon.colcon_core.package_identification:_identify(src) by extension 'python'
[0.219s] Level 1:colcon.colcon_core.package_identification:_identify(src) by extensions ['python_setup_py']
[0.219s] Level 1:colcon.colcon_core.package_identification:_identify(src) by extension 'python_setup_py'
[0.219s] Level 1:colcon.colcon_core.package_identification:_identify(src/gap_follower_pkg) by extensions ['ignore', 'ignore_ament_install']
[0.219s] Level 1:colcon.colcon_core.package_identification:_identify(src/gap_follower_pkg) by extension 'ignore'
[0.219s] Level 1:colcon.colcon_core.package_identification:_identify(src/gap_follower_pkg) by extension 'ignore_ament_install'
[0.219s] Level 1:colcon.colcon_core.package_identification:_identify(src/gap_follower_pkg) by extensions ['colcon_pkg']
[0.219s] Level 1:colcon.colcon_core.package_identification:_identify(src/gap_follower_pkg) by extension 'colcon_pkg'
[0.219s] Level 1:colcon.colcon_core.package_identification:_identify(src/gap_follower_pkg) by extensions ['colcon_meta']
[0.219s] Level 1:colcon.colcon_core.package_identification:_identify(src/gap_follower_pkg) by extension 'colcon_meta'
[0.219s] Level 1:colcon.colcon_core.package_identification:_identify(src/gap_follower_pkg) by extensions ['ros']
[0.219s] Level 1:colcon.colcon_core.package_identification:_identify(src/gap_follower_pkg) by extension 'ros'
[0.222s] DEBUG:colcon.colcon_core.package_identification:Package 'src/gap_follower_pkg' with type 'ros.ament_python' and name 'gap_follower_pkg'
[0.222s] Level 1:colcon.colcon_core.package_discovery:discover_packages(recursive) using defaults
[0.222s] Level 1:colcon.colcon_core.package_discovery:discover_packages(ignore) discover
[0.222s] Level 1:colcon.colcon_core.package_discovery:discover_packages(ignore) using defaults
[0.222s] Level 1:colcon.colcon_core.package_discovery:discover_packages(path) discover
[0.222s] Level 1:colcon.colcon_core.package_discovery:discover_packages(path) using defaults
[0.231s] Level 1:colcon.colcon_core.package_discovery:discover_packages(prefix_path) check parameters
[0.231s] Level 1:colcon.colcon_core.package_discovery:discover_packages(prefix_path) discover
[0.232s] DEBUG:colcon.colcon_installed_package_information.package_discovery:Found 3 installed packages in /home/salem/Desktop/f1tenth-autonomous-racing/install
[0.233s] DEBUG:colcon.colcon_installed_package_information.package_discovery:Found 292 installed packages in /opt/ros/foxy
[0.234s] Level 1:colcon.colcon_core.package_discovery:discover_packages(prefix_path) using defaults
[0.272s] Level 5:colcon.colcon_core.verb:set package 'gap_follower_pkg' build argument 'cmake_args' from command line to 'None'
[0.272s] Level 5:colcon.colcon_core.verb:set package 'gap_follower_pkg' build argument 'cmake_target' from command line to 'None'
[0.272s] Level 5:colcon.colcon_core.verb:set package 'gap_follower_pkg' build argument 'cmake_target_skip_unavailable' from command line to 'False'
[0.272s] Level 5:colcon.colcon_core.verb:set package 'gap_follower_pkg' build argument 'cmake_clean_cache' from command line to 'False'
[0.272s] Level 5:colcon.colcon_core.verb:set package 'gap_follower_pkg' build argument 'cmake_clean_first' from command line to 'False'
[0.272s] Level 5:colcon.colcon_core.verb:set package 'gap_follower_pkg' build argument 'cmake_force_configure' from command line to 'False'
[0.272s] Level 5:colcon.colcon_core.verb:set package 'gap_follower_pkg' build argument 'ament_cmake_args' from command line to 'None'
[0.272s] Level 5:colcon.colcon_core.verb:set package 'gap_follower_pkg' build argument 'catkin_cmake_args' from command line to 'None'
[0.273s] Level 5:colcon.colcon_core.verb:set package 'gap_follower_pkg' build argument 'catkin_skip_building_tests' from command line to 'False'
[0.273s] DEBUG:colcon.colcon_core.verb:Building package 'gap_follower_pkg' with the following arguments: {'ament_cmake_args': None, 'build_base': '/home/salem/Desktop/f1tenth-autonomous-racing/map1/gap_follower/build/gap_follower_pkg', 'catkin_cmake_args': None, 'catkin_skip_building_tests': False, 'cmake_args': None, 'cmake_clean_cache': False, 'cmake_clean_first': False, 'cmake_force_configure': False, 'cmake_target': None, 'cmake_target_skip_unavailable': False, 'install_base': '/home/salem/Desktop/f1tenth-autonomous-racing/map1/gap_follower/install/gap_follower_pkg', 'merge_install': False, 'path': '/home/salem/Desktop/f1tenth-autonomous-racing/map1/gap_follower/src/gap_follower_pkg', 'symlink_install': False, 'test_result_base': None}
[0.273s] INFO:colcon.colcon_core.executor:Executing jobs using 'parallel' executor
[0.273s] DEBUG:colcon.colcon_parallel_executor.executor.parallel:run_until_complete
[0.274s] INFO:colcon.colcon_ros.task.ament_python.build:Building ROS package in '/home/salem/Desktop/f1tenth-autonomous-racing/map1/gap_follower/src/gap_follower_pkg' with build type 'ament_python'
[0.274s] Level 1:colcon.colcon_core.shell:create_environment_hook('gap_follower_pkg', 'ament_prefix_path')
[0.275s] INFO:colcon.colcon_core.plugin_system:Skipping extension 'colcon_core.shell.bat': Not used on non-Windows systems
[0.275s] INFO:colcon.colcon_core.shell:Creating environment hook '/home/salem/Desktop/f1tenth-autonomous-racing/map1/gap_follower/install/gap_follower_pkg/share/gap_follower_pkg/hook/ament_prefix_path.ps1'
[0.276s] INFO:colcon.colcon_core.shell:Creating environment descriptor '/home/salem/Desktop/f1tenth-autonomous-racing/map1/gap_follower/install/gap_follower_pkg/share/gap_follower_pkg/hook/ament_prefix_path.dsv'
[0.276s] INFO:colcon.colcon_core.shell:Creating environment hook '/home/salem/Desktop/f1tenth-autonomous-racing/map1/gap_follower/install/gap_follower_pkg/share/gap_follower_pkg/hook/ament_prefix_path.sh'
[0.276s] INFO:colcon.colcon_core.shell:Skip shell extension 'powershell' for command environment: Not usable outside of PowerShell
[0.276s] DEBUG:colcon.colcon_core.shell:Skip shell extension 'dsv' for command environment
[0.434s] INFO:colcon.colcon_core.task.python.build:Building Python package in '/home/salem/Desktop/f1tenth-autonomous-racing/map1/gap_follower/src/gap_follower_pkg'
[0.434s] INFO:colcon.colcon_core.shell:Skip shell extension 'powershell' for command environment: Not usable outside of PowerShell
[0.434s] DEBUG:colcon.colcon_core.shell:Skip shell extension 'dsv' for command environment
[0.761s] DEBUG:colcon.colcon_core.event_handler.log_command:Invoking command in '/home/salem/Desktop/f1tenth-autonomous-racing/map1/gap_follower/src/gap_follower_pkg': PYTHONPATH=/home/salem/Desktop/f1tenth-autonomous-racing/map1/gap_follower/build/gap_follower_pkg/prefix_override:/usr/lib/python3/dist-packages/colcon_core/task/python/colcon_distutils_commands:/home/salem/Desktop/f1tenth-autonomous-racing/map1/gap_follower/install/gap_follower_pkg/lib/python3.8/site-packages:${PYTHONPATH} /usr/bin/python3 -W ignore:setup.py install is deprecated -W ignore:easy_install command is deprecated setup.py egg_info --egg-base ../../build/gap_follower_pkg build --build-base /home/salem/Desktop/f1tenth-autonomous-racing/map1/gap_follower/build/gap_follower_pkg/build install --record /home/salem/Desktop/f1tenth-autonomous-racing/map1/gap_follower/build/gap_follower_pkg/install.log --install-scripts $base/lib/gap_follower_pkg --single-version-externally-managed install_data
[0.988s] DEBUG:colcon.colcon_core.event_handler.log_command:Invoked command in '/home/salem/Desktop/f1tenth-autonomous-racing/map1/gap_follower/src/gap_follower_pkg' returned '0': PYTHONPATH=/home/salem/Desktop/f1tenth-autonomous-racing/map1/gap_follower/build/gap_follower_pkg/prefix_override:/usr/lib/python3/dist-packages/colcon_core/task/python/colcon_distutils_commands:/home/salem/Desktop/f1tenth-autonomous-racing/map1/gap_follower/install/gap_follower_pkg/lib/python3.8/site-packages:${PYTHONPATH} /usr/bin/python3 -W ignore:setup.py install is deprecated -W ignore:easy_install command is deprecated setup.py egg_info --egg-base ../../build/gap_follower_pkg build --build-base /home/salem/Desktop/f1tenth-autonomous-racing/map1/gap_follower/build/gap_follower_pkg/build install --record /home/salem/Desktop/f1tenth-autonomous-racing/map1/gap_follower/build/gap_follower_pkg/install.log --install-scripts $base/lib/gap_follower_pkg --single-version-externally-managed install_data
[0.990s] Level 1:colcon.colcon_core.environment:checking '/home/salem/Desktop/f1tenth-autonomous-racing/map1/gap_follower/install/gap_follower_pkg' for CMake module files
[0.990s] Level 1:colcon.colcon_core.environment:checking '/home/salem/Desktop/f1tenth-autonomous-racing/map1/gap_follower/install/gap_follower_pkg' for CMake config files
[0.991s] Level 1:colcon.colcon_core.environment:checking '/home/salem/Desktop/f1tenth-autonomous-racing/map1/gap_follower/install/gap_follower_pkg/lib'
[0.991s] Level 1:colcon.colcon_core.environment:checking '/home/salem/Desktop/f1tenth-autonomous-racing/map1/gap_follower/install/gap_follower_pkg/bin'
[0.991s] Level 1:colcon.colcon_core.environment:checking '/home/salem/Desktop/f1tenth-autonomous-racing/map1/gap_follower/install/gap_follower_pkg/lib/pkgconfig/gap_follower_pkg.pc'
[0.992s] Level 1:colcon.colcon_core.environment:checking '/home/salem/Desktop/f1tenth-autonomous-racing/map1/gap_follower/install/gap_follower_pkg/lib/python3.8/site-packages'
[0.992s] Level 1:colcon.colcon_core.shell:create_environment_hook('gap_follower_pkg', 'pythonpath')
[0.992s] INFO:colcon.colcon_core.shell:Creating environment hook '/home/salem/Desktop/f1tenth-autonomous-racing/map1/gap_follower/install/gap_follower_pkg/share/gap_follower_pkg/hook/pythonpath.ps1'
[0.993s] INFO:colcon.colcon_core.shell:Creating environment descriptor '/home/salem/Desktop/f1tenth-autonomous-racing/map1/gap_follower/install/gap_follower_pkg/share/gap_follower_pkg/hook/pythonpath.dsv'
[0.993s] INFO:colcon.colcon_core.shell:Creating environment hook '/home/salem/Desktop/f1tenth-autonomous-racing/map1/gap_follower/install/gap_follower_pkg/share/gap_follower_pkg/hook/pythonpath.sh'
[0.993s] Level 1:colcon.colcon_core.environment:checking '/home/salem/Desktop/f1tenth-autonomous-racing/map1/gap_follower/install/gap_follower_pkg/bin'
[0.994s] Level 1:colcon.colcon_core.environment:create_environment_scripts_only(gap_follower_pkg)
[0.994s] INFO:colcon.colcon_core.shell:Creating package script '/home/salem/Desktop/f1tenth-autonomous-racing/map1/gap_follower/install/gap_follower_pkg/share/gap_follower_pkg/package.ps1'
[0.995s] INFO:colcon.colcon_core.shell:Creating package descriptor '/home/salem/Desktop/f1tenth-autonomous-racing/map1/gap_follower/install/gap_follower_pkg/share/gap_follower_pkg/package.dsv'
[0.995s] INFO:colcon.colcon_core.shell:Creating package script '/home/salem/Desktop/f1tenth-autonomous-racing/map1/gap_follower/install/gap_follower_pkg/share/gap_follower_pkg/package.sh'
[0.996s] INFO:colcon.colcon_core.shell:Creating package script '/home/salem/Desktop/f1tenth-autonomous-racing/map1/gap_follower/install/gap_follower_pkg/share/gap_follower_pkg/package.bash'
[0.996s] INFO:colcon.colcon_core.shell:Creating package script '/home/salem/Desktop/f1tenth-autonomous-racing/map1/gap_follower/install/gap_follower_pkg/share/gap_follower_pkg/package.zsh'
[0.997s] Level 1:colcon.colcon_core.environment:create_file_with_runtime_dependencies(/home/salem/Desktop/f1tenth-autonomous-racing/map1/gap_follower/install/gap_follower_pkg/share/colcon-core/packages/gap_follower_pkg)
[0.997s] DEBUG:colcon.colcon_parallel_executor.executor.parallel:closing loop
[0.997s] DEBUG:colcon.colcon_parallel_executor.executor.parallel:loop closed
[0.997s] DEBUG:colcon.colcon_parallel_executor.executor.parallel:run_until_complete finished with '0'
[0.997s] DEBUG:colcon.colcon_core.event_reactor:joining thread
[1.008s] INFO:colcon.colcon_core.plugin_system:Skipping extension 'colcon_notification.desktop_notification.terminal_notifier': Not used on non-Darwin systems
[1.008s] INFO:colcon.colcon_core.plugin_system:Skipping extension 'colcon_notification.desktop_notification.win32': Not used on non-Windows systems
[1.008s] INFO:colcon.colcon_notification.desktop_notification:Sending desktop notification using 'notify2'
[1.026s] DEBUG:colcon.colcon_core.event_reactor:joined thread
[1.026s] INFO:colcon.colcon_core.shell:Creating prefix script '/home/salem/Desktop/f1tenth-autonomous-racing/map1/gap_follower/install/local_setup.ps1'
[1.028s] INFO:colcon.colcon_core.shell:Creating prefix util module '/home/salem/Desktop/f1tenth-autonomous-racing/map1/gap_follower/install/_local_setup_util_ps1.py'
[1.029s] INFO:colcon.colcon_core.shell:Creating prefix chain script '/home/salem/Desktop/f1tenth-autonomous-racing/map1/gap_follower/install/setup.ps1'
[1.030s] INFO:colcon.colcon_core.shell:Creating prefix script '/home/salem/Desktop/f1tenth-autonomous-racing/map1/gap_follower/install/local_setup.sh'
[1.030s] INFO:colcon.colcon_core.shell:Creating prefix util module '/home/salem/Desktop/f1tenth-autonomous-racing/map1/gap_follower/install/_local_setup_util_sh.py'
[1.031s] INFO:colcon.colcon_core.shell:Creating prefix chain script '/home/salem/Desktop/f1tenth-autonomous-racing/map1/gap_follower/install/setup.sh'
[1.032s] INFO:colcon.colcon_core.shell:Creating prefix script '/home/salem/Desktop/f1tenth-autonomous-racing/map1/gap_follower/install/local_setup.bash'
[1.033s] INFO:colcon.colcon_core.shell:Creating prefix chain script '/home/salem/Desktop/f1tenth-autonomous-racing/map1/gap_follower/install/setup.bash'
[1.035s] INFO:colcon.colcon_core.shell:Creating prefix script '/home/salem/Desktop/f1tenth-autonomous-racing/map1/gap_follower/install/local_setup.zsh'
[1.035s] INFO:colcon.colcon_core.shell:Creating prefix chain script '/home/salem/Desktop/f1tenth-autonomous-racing/map1/gap_follower/install/setup.zsh'
