[0.722s] Invoking command in '/home/salem/Desktop/f1tenth-autonomous-racing/map1/gap_follower/src/gap_follower_pkg': PYTHONPATH=/home/salem/Desktop/f1tenth-autonomous-racing/map1/gap_follower/build/gap_follower_pkg/prefix_override:/usr/lib/python3/dist-packages/colcon_core/task/python/colcon_distutils_commands:/home/salem/Desktop/f1tenth-autonomous-racing/map1/gap_follower/install/gap_follower_pkg/lib/python3.8/site-packages:${PYTHONPATH} /usr/bin/python3 -W ignore:setup.py install is deprecated -W ignore:easy_install command is deprecated setup.py egg_info --egg-base ../../build/gap_follower_pkg build --build-base /home/salem/Desktop/f1tenth-autonomous-racing/map1/gap_follower/build/gap_follower_pkg/build install --record /home/salem/Desktop/f1tenth-autonomous-racing/map1/gap_follower/build/gap_follower_pkg/install.log --install-scripts $base/lib/gap_follower_pkg --single-version-externally-managed install_data
[0.926s] running egg_info
[0.926s] writing ../../build/gap_follower_pkg/gap_follower_pkg.egg-info/PKG-INFO
[0.927s] writing dependency_links to ../../build/gap_follower_pkg/gap_follower_pkg.egg-info/dependency_links.txt
[0.927s] writing entry points to ../../build/gap_follower_pkg/gap_follower_pkg.egg-info/entry_points.txt
[0.927s] writing requirements to ../../build/gap_follower_pkg/gap_follower_pkg.egg-info/requires.txt
[0.928s] writing top-level names to ../../build/gap_follower_pkg/gap_follower_pkg.egg-info/top_level.txt
[0.960s] reading manifest file '../../build/gap_follower_pkg/gap_follower_pkg.egg-info/SOURCES.txt'
[0.961s] writing manifest file '../../build/gap_follower_pkg/gap_follower_pkg.egg-info/SOURCES.txt'
[0.962s] running build
[0.962s] running build_py
[0.962s] running install
[0.963s] running install_lib
[0.964s] running install_data
[0.964s] running install_egg_info
[0.965s] removing '/home/salem/Desktop/f1tenth-autonomous-racing/map1/gap_follower/install/gap_follower_pkg/lib/python3.8/site-packages/gap_follower_pkg-0.0.0-py3.8.egg-info' (and everything under it)
[0.965s] Copying ../../build/gap_follower_pkg/gap_follower_pkg.egg-info to /home/salem/Desktop/f1tenth-autonomous-racing/map1/gap_follower/install/gap_follower_pkg/lib/python3.8/site-packages/gap_follower_pkg-0.0.0-py3.8.egg-info
[0.965s] running install_scripts
[0.985s] Installing exe script to /home/salem/Desktop/f1tenth-autonomous-racing/map1/gap_follower/install/gap_follower_pkg/lib/gap_follower_pkg
[0.985s] writing list of installed files to '/home/salem/Desktop/f1tenth-autonomous-racing/map1/gap_follower/build/gap_follower_pkg/install.log'
[1.015s] Invoked command in '/home/salem/Desktop/f1tenth-autonomous-racing/map1/gap_follower/src/gap_follower_pkg' returned '0': PYTHONPATH=/home/salem/Desktop/f1tenth-autonomous-racing/map1/gap_follower/build/gap_follower_pkg/prefix_override:/usr/lib/python3/dist-packages/colcon_core/task/python/colcon_distutils_commands:/home/salem/Desktop/f1tenth-autonomous-racing/map1/gap_follower/install/gap_follower_pkg/lib/python3.8/site-packages:${PYTHONPATH} /usr/bin/python3 -W ignore:setup.py install is deprecated -W ignore:easy_install command is deprecated setup.py egg_info --egg-base ../../build/gap_follower_pkg build --build-base /home/salem/Desktop/f1tenth-autonomous-racing/map1/gap_follower/build/gap_follower_pkg/build install --record /home/salem/Desktop/f1tenth-autonomous-racing/map1/gap_follower/build/gap_follower_pkg/install.log --install-scripts $base/lib/gap_follower_pkg --single-version-externally-managed install_data
