[0.355s] DEBUG:colcon:Command line arguments: ['/usr/bin/colcon', 'build']
[0.355s] DEBUG:colcon:Parsed command line arguments: Namespace(allow_overriding=[], ament_cmake_args=None, base_paths=['.'], build_base='build', catkin_cmake_args=None, catkin_skip_building_tests=False, cmake_args=None, cmake_clean_cache=False, cmake_clean_first=False, cmake_force_configure=False, cmake_target=None, cmake_target_skip_unavailable=False, continue_on_error=False, event_handlers=None, executor='parallel', ignore_user_meta=False, install_base='install', log_base=None, log_level=None, main=<bound method BuildVerb.main of <colcon_core.verb.build.BuildVerb object at 0x7f5c59781730>>, merge_install=False, metas=['./colcon.meta'], packages_above=None, packages_above_and_dependencies=None, packages_above_depth=None, packages_end=None, packages_ignore=None, packages_ignore_regex=None, packages_select=None, packages_select_build_failed=False, packages_select_by_dep=None, packages_select_regex=None, packages_select_test_failures=False, packages_skip=None, packages_skip_build_finished=False, packages_skip_by_dep=None, packages_skip_regex=None, packages_skip_test_passed=False, packages_skip_up_to=None, packages_start=None, packages_up_to=None, packages_up_to_regex=None, parallel_workers=12, paths=None, symlink_install=False, test_result_base=None, verb_extension=<colcon_core.verb.build.BuildVerb object at 0x7f5c59781730>, verb_name='build', verb_parser=<colcon_defaults.argument_parser.defaults.DefaultArgumentsDecorator object at 0x7f5c597311f0>)
[0.691s] Level 1:colcon.colcon_core.package_discovery:discover_packages(colcon_meta) check parameters
[0.691s] Level 1:colcon.colcon_core.package_discovery:discover_packages(recursive) check parameters
[0.691s] Level 1:colcon.colcon_core.package_discovery:discover_packages(ignore) check parameters
[0.691s] Level 1:colcon.colcon_core.package_discovery:discover_packages(path) check parameters
[0.692s] Level 1:colcon.colcon_core.package_discovery:discover_packages(colcon_meta) discover
[0.692s] Level 1:colcon.colcon_core.package_discovery:discover_packages(recursive) discover
[0.692s] INFO:colcon.colcon_core.package_discovery:Crawling recursively for packages in '/home/salem/Desktop/f1tenth-autonomous-racing/map1/gap_follower'
[0.692s] Level 1:colcon.colcon_core.package_identification:_identify(.) by extensions ['ignore', 'ignore_ament_install']
[0.692s] Level 1:colcon.colcon_core.package_identification:_identify(.) by extension 'ignore'
[0.693s] Level 1:colcon.colcon_core.package_identification:_identify(.) by extension 'ignore_ament_install'
[0.693s] Level 1:colcon.colcon_core.package_identification:_identify(.) by extensions ['colcon_pkg']
[0.693s] Level 1:colcon.colcon_core.package_identification:_identify(.) by extension 'colcon_pkg'
[0.693s] Level 1:colcon.colcon_core.package_identification:_identify(.) by extensions ['colcon_meta']
[0.693s] Level 1:colcon.colcon_core.package_identification:_identify(.) by extension 'colcon_meta'
[0.693s] Level 1:colcon.colcon_core.package_identification:_identify(.) by extensions ['ros']
[0.693s] Level 1:colcon.colcon_core.package_identification:_identify(.) by extension 'ros'
[0.720s] Level 1:colcon.colcon_core.package_identification:_identify(.) by extensions ['cmake', 'python']
[0.720s] Level 1:colcon.colcon_core.package_identification:_identify(.) by extension 'cmake'
[0.720s] Level 1:colcon.colcon_core.package_identification:_identify(.) by extension 'python'
[0.720s] Level 1:colcon.colcon_core.package_identification:_identify(.) by extensions ['python_setup_py']
[0.720s] Level 1:colcon.colcon_core.package_identification:_identify(.) by extension 'python_setup_py'
[0.720s] Level 1:colcon.colcon_core.package_identification:_identify(build) by extensions ['ignore', 'ignore_ament_install']
[0.720s] Level 1:colcon.colcon_core.package_identification:_identify(build) by extension 'ignore'
[0.720s] Level 1:colcon.colcon_core.package_identification:_identify(build) ignored
[0.721s] Level 1:colcon.colcon_core.package_identification:_identify(install) by extensions ['ignore', 'ignore_ament_install']
[0.721s] Level 1:colcon.colcon_core.package_identification:_identify(install) by extension 'ignore'
[0.721s] Level 1:colcon.colcon_core.package_identification:_identify(install) ignored
[0.721s] Level 1:colcon.colcon_core.package_identification:_identify(log) by extensions ['ignore', 'ignore_ament_install']
[0.721s] Level 1:colcon.colcon_core.package_identification:_identify(log) by extension 'ignore'
[0.722s] Level 1:colcon.colcon_core.package_identification:_identify(log) ignored
[0.722s] Level 1:colcon.colcon_core.package_identification:_identify(src) by extensions ['ignore', 'ignore_ament_install']
[0.722s] Level 1:colcon.colcon_core.package_identification:_identify(src) by extension 'ignore'
[0.722s] Level 1:colcon.colcon_core.package_identification:_identify(src) by extension 'ignore_ament_install'
[0.722s] Level 1:colcon.colcon_core.package_identification:_identify(src) by extensions ['colcon_pkg']
[0.722s] Level 1:colcon.colcon_core.package_identification:_identify(src) by extension 'colcon_pkg'
[0.722s] Level 1:colcon.colcon_core.package_identification:_identify(src) by extensions ['colcon_meta']
[0.722s] Level 1:colcon.colcon_core.package_identification:_identify(src) by extension 'colcon_meta'
[0.722s] Level 1:colcon.colcon_core.package_identification:_identify(src) by extensions ['ros']
[0.722s] Level 1:colcon.colcon_core.package_identification:_identify(src) by extension 'ros'
[0.722s] Level 1:colcon.colcon_core.package_identification:_identify(src) by extensions ['cmake', 'python']
[0.722s] Level 1:colcon.colcon_core.package_identification:_identify(src) by extension 'cmake'
[0.723s] Level 1:colcon.colcon_core.package_identification:_identify(src) by extension 'python'
[0.723s] Level 1:colcon.colcon_core.package_identification:_identify(src) by extensions ['python_setup_py']
[0.723s] Level 1:colcon.colcon_core.package_identification:_identify(src) by extension 'python_setup_py'
[0.723s] Level 1:colcon.colcon_core.package_identification:_identify(src/gap_follower_pkg) by extensions ['ignore', 'ignore_ament_install']
[0.723s] Level 1:colcon.colcon_core.package_identification:_identify(src/gap_follower_pkg) by extension 'ignore'
[0.723s] Level 1:colcon.colcon_core.package_identification:_identify(src/gap_follower_pkg) by extension 'ignore_ament_install'
[0.723s] Level 1:colcon.colcon_core.package_identification:_identify(src/gap_follower_pkg) by extensions ['colcon_pkg']
[0.723s] Level 1:colcon.colcon_core.package_identification:_identify(src/gap_follower_pkg) by extension 'colcon_pkg'
[0.723s] Level 1:colcon.colcon_core.package_identification:_identify(src/gap_follower_pkg) by extensions ['colcon_meta']
[0.723s] Level 1:colcon.colcon_core.package_identification:_identify(src/gap_follower_pkg) by extension 'colcon_meta'
[0.724s] Level 1:colcon.colcon_core.package_identification:_identify(src/gap_follower_pkg) by extensions ['ros']
[0.724s] Level 1:colcon.colcon_core.package_identification:_identify(src/gap_follower_pkg) by extension 'ros'
[0.731s] DEBUG:colcon.colcon_core.package_identification:Package 'src/gap_follower_pkg' with type 'ros.ament_python' and name 'gap_follower_pkg'
[0.732s] Level 1:colcon.colcon_core.package_discovery:discover_packages(recursive) using defaults
[0.732s] Level 1:colcon.colcon_core.package_discovery:discover_packages(ignore) discover
[0.732s] Level 1:colcon.colcon_core.package_discovery:discover_packages(ignore) using defaults
[0.732s] Level 1:colcon.colcon_core.package_discovery:discover_packages(path) discover
[0.732s] Level 1:colcon.colcon_core.package_discovery:discover_packages(path) using defaults
[0.772s] Level 1:colcon.colcon_core.package_discovery:discover_packages(prefix_path) check parameters
[0.773s] Level 1:colcon.colcon_core.package_discovery:discover_packages(prefix_path) discover
[0.778s] DEBUG:colcon.colcon_installed_package_information.package_discovery:Found 1 installed packages in /home/salem/Desktop/f1tenth-autonomous-racing/map1/gap_follower/install
[0.781s] DEBUG:colcon.colcon_installed_package_information.package_discovery:Found 292 installed packages in /opt/ros/foxy
[0.786s] Level 1:colcon.colcon_core.package_discovery:discover_packages(prefix_path) using defaults
[1.090s] Level 5:colcon.colcon_core.verb:set package 'gap_follower_pkg' build argument 'cmake_args' from command line to 'None'
[1.090s] Level 5:colcon.colcon_core.verb:set package 'gap_follower_pkg' build argument 'cmake_target' from command line to 'None'
[1.090s] Level 5:colcon.colcon_core.verb:set package 'gap_follower_pkg' build argument 'cmake_target_skip_unavailable' from command line to 'False'
[1.090s] Level 5:colcon.colcon_core.verb:set package 'gap_follower_pkg' build argument 'cmake_clean_cache' from command line to 'False'
[1.090s] Level 5:colcon.colcon_core.verb:set package 'gap_follower_pkg' build argument 'cmake_clean_first' from command line to 'False'
[1.090s] Level 5:colcon.colcon_core.verb:set package 'gap_follower_pkg' build argument 'cmake_force_configure' from command line to 'False'
[1.090s] Level 5:colcon.colcon_core.verb:set package 'gap_follower_pkg' build argument 'ament_cmake_args' from command line to 'None'
[1.090s] Level 5:colcon.colcon_core.verb:set package 'gap_follower_pkg' build argument 'catkin_cmake_args' from command line to 'None'
[1.090s] Level 5:colcon.colcon_core.verb:set package 'gap_follower_pkg' build argument 'catkin_skip_building_tests' from command line to 'False'
[1.091s] DEBUG:colcon.colcon_core.verb:Building package 'gap_follower_pkg' with the following arguments: {'ament_cmake_args': None, 'build_base': '/home/salem/Desktop/f1tenth-autonomous-racing/map1/gap_follower/build/gap_follower_pkg', 'catkin_cmake_args': None, 'catkin_skip_building_tests': False, 'cmake_args': None, 'cmake_clean_cache': False, 'cmake_clean_first': False, 'cmake_force_configure': False, 'cmake_target': None, 'cmake_target_skip_unavailable': False, 'install_base': '/home/salem/Desktop/f1tenth-autonomous-racing/map1/gap_follower/install/gap_follower_pkg', 'merge_install': False, 'path': '/home/salem/Desktop/f1tenth-autonomous-racing/map1/gap_follower/src/gap_follower_pkg', 'symlink_install': False, 'test_result_base': None}
[1.091s] INFO:colcon.colcon_core.executor:Executing jobs using 'parallel' executor
[1.094s] DEBUG:colcon.colcon_parallel_executor.executor.parallel:run_until_complete
[1.095s] INFO:colcon.colcon_ros.task.ament_python.build:Building ROS package in '/home/salem/Desktop/f1tenth-autonomous-racing/map1/gap_follower/src/gap_follower_pkg' with build type 'ament_python'
[1.095s] Level 1:colcon.colcon_core.shell:create_environment_hook('gap_follower_pkg', 'ament_prefix_path')
[1.104s] INFO:colcon.colcon_core.plugin_system:Skipping extension 'colcon_core.shell.bat': Not used on non-Windows systems
[1.104s] INFO:colcon.colcon_core.shell:Creating environment hook '/home/salem/Desktop/f1tenth-autonomous-racing/map1/gap_follower/install/gap_follower_pkg/share/gap_follower_pkg/hook/ament_prefix_path.ps1'
[1.106s] INFO:colcon.colcon_core.shell:Creating environment descriptor '/home/salem/Desktop/f1tenth-autonomous-racing/map1/gap_follower/install/gap_follower_pkg/share/gap_follower_pkg/hook/ament_prefix_path.dsv'
[1.107s] INFO:colcon.colcon_core.shell:Creating environment hook '/home/salem/Desktop/f1tenth-autonomous-racing/map1/gap_follower/install/gap_follower_pkg/share/gap_follower_pkg/hook/ament_prefix_path.sh'
[1.110s] INFO:colcon.colcon_core.shell:Skip shell extension 'powershell' for command environment: Not usable outside of PowerShell
[1.110s] DEBUG:colcon.colcon_core.shell:Skip shell extension 'dsv' for command environment
[1.444s] INFO:colcon.colcon_core.task.python.build:Building Python package in '/home/salem/Desktop/f1tenth-autonomous-racing/map1/gap_follower/src/gap_follower_pkg'
[1.445s] INFO:colcon.colcon_core.shell:Skip shell extension 'powershell' for command environment: Not usable outside of PowerShell
[1.445s] DEBUG:colcon.colcon_core.shell:Skip shell extension 'dsv' for command environment
[1.996s] DEBUG:colcon.colcon_core.event_handler.log_command:Invoking command in '/home/salem/Desktop/f1tenth-autonomous-racing/map1/gap_follower/src/gap_follower_pkg': PYTHONPATH=/home/salem/Desktop/f1tenth-autonomous-racing/map1/gap_follower/build/gap_follower_pkg/prefix_override:/usr/lib/python3/dist-packages/colcon_core/task/python/colcon_distutils_commands:/home/salem/Desktop/f1tenth-autonomous-racing/map1/gap_follower/install/gap_follower_pkg/lib/python3.8/site-packages:${PYTHONPATH} /usr/bin/python3 -W ignore:setup.py install is deprecated -W ignore:easy_install command is deprecated setup.py egg_info --egg-base ../../build/gap_follower_pkg build --build-base /home/salem/Desktop/f1tenth-autonomous-racing/map1/gap_follower/build/gap_follower_pkg/build install --record /home/salem/Desktop/f1tenth-autonomous-racing/map1/gap_follower/build/gap_follower_pkg/install.log --install-scripts $base/lib/gap_follower_pkg --single-version-externally-managed install_data
[2.381s] DEBUG:colcon.colcon_core.event_handler.log_command:Invoked command in '/home/salem/Desktop/f1tenth-autonomous-racing/map1/gap_follower/src/gap_follower_pkg' returned '0': PYTHONPATH=/home/salem/Desktop/f1tenth-autonomous-racing/map1/gap_follower/build/gap_follower_pkg/prefix_override:/usr/lib/python3/dist-packages/colcon_core/task/python/colcon_distutils_commands:/home/salem/Desktop/f1tenth-autonomous-racing/map1/gap_follower/install/gap_follower_pkg/lib/python3.8/site-packages:${PYTHONPATH} /usr/bin/python3 -W ignore:setup.py install is deprecated -W ignore:easy_install command is deprecated setup.py egg_info --egg-base ../../build/gap_follower_pkg build --build-base /home/salem/Desktop/f1tenth-autonomous-racing/map1/gap_follower/build/gap_follower_pkg/build install --record /home/salem/Desktop/f1tenth-autonomous-racing/map1/gap_follower/build/gap_follower_pkg/install.log --install-scripts $base/lib/gap_follower_pkg --single-version-externally-managed install_data
[2.388s] Level 1:colcon.colcon_core.environment:checking '/home/salem/Desktop/f1tenth-autonomous-racing/map1/gap_follower/install/gap_follower_pkg' for CMake module files
[2.389s] Level 1:colcon.colcon_core.environment:checking '/home/salem/Desktop/f1tenth-autonomous-racing/map1/gap_follower/install/gap_follower_pkg' for CMake config files
[2.390s] Level 1:colcon.colcon_core.environment:checking '/home/salem/Desktop/f1tenth-autonomous-racing/map1/gap_follower/install/gap_follower_pkg/lib'
[2.391s] Level 1:colcon.colcon_core.environment:checking '/home/salem/Desktop/f1tenth-autonomous-racing/map1/gap_follower/install/gap_follower_pkg/bin'
[2.391s] Level 1:colcon.colcon_core.environment:checking '/home/salem/Desktop/f1tenth-autonomous-racing/map1/gap_follower/install/gap_follower_pkg/lib/pkgconfig/gap_follower_pkg.pc'
[2.391s] Level 1:colcon.colcon_core.environment:checking '/home/salem/Desktop/f1tenth-autonomous-racing/map1/gap_follower/install/gap_follower_pkg/lib/python3.8/site-packages'
[2.391s] Level 1:colcon.colcon_core.shell:create_environment_hook('gap_follower_pkg', 'pythonpath')
[2.392s] INFO:colcon.colcon_core.shell:Creating environment hook '/home/salem/Desktop/f1tenth-autonomous-racing/map1/gap_follower/install/gap_follower_pkg/share/gap_follower_pkg/hook/pythonpath.ps1'
[2.393s] INFO:colcon.colcon_core.shell:Creating environment descriptor '/home/salem/Desktop/f1tenth-autonomous-racing/map1/gap_follower/install/gap_follower_pkg/share/gap_follower_pkg/hook/pythonpath.dsv'
[2.393s] INFO:colcon.colcon_core.shell:Creating environment hook '/home/salem/Desktop/f1tenth-autonomous-racing/map1/gap_follower/install/gap_follower_pkg/share/gap_follower_pkg/hook/pythonpath.sh'
[2.394s] Level 1:colcon.colcon_core.environment:checking '/home/salem/Desktop/f1tenth-autonomous-racing/map1/gap_follower/install/gap_follower_pkg/bin'
[2.394s] Level 1:colcon.colcon_core.environment:create_environment_scripts_only(gap_follower_pkg)
[2.395s] INFO:colcon.colcon_core.shell:Creating package script '/home/salem/Desktop/f1tenth-autonomous-racing/map1/gap_follower/install/gap_follower_pkg/share/gap_follower_pkg/package.ps1'
[2.399s] INFO:colcon.colcon_core.shell:Creating package descriptor '/home/salem/Desktop/f1tenth-autonomous-racing/map1/gap_follower/install/gap_follower_pkg/share/gap_follower_pkg/package.dsv'
[2.400s] INFO:colcon.colcon_core.shell:Creating package script '/home/salem/Desktop/f1tenth-autonomous-racing/map1/gap_follower/install/gap_follower_pkg/share/gap_follower_pkg/package.sh'
[2.402s] INFO:colcon.colcon_core.shell:Creating package script '/home/salem/Desktop/f1tenth-autonomous-racing/map1/gap_follower/install/gap_follower_pkg/share/gap_follower_pkg/package.bash'
[2.404s] INFO:colcon.colcon_core.shell:Creating package script '/home/salem/Desktop/f1tenth-autonomous-racing/map1/gap_follower/install/gap_follower_pkg/share/gap_follower_pkg/package.zsh'
[2.407s] Level 1:colcon.colcon_core.environment:create_file_with_runtime_dependencies(/home/salem/Desktop/f1tenth-autonomous-racing/map1/gap_follower/install/gap_follower_pkg/share/colcon-core/packages/gap_follower_pkg)
[2.409s] DEBUG:colcon.colcon_parallel_executor.executor.parallel:closing loop
[2.411s] DEBUG:colcon.colcon_parallel_executor.executor.parallel:loop closed
[2.412s] DEBUG:colcon.colcon_parallel_executor.executor.parallel:run_until_complete finished with '0'
[2.412s] DEBUG:colcon.colcon_core.event_reactor:joining thread
[2.433s] INFO:colcon.colcon_core.plugin_system:Skipping extension 'colcon_notification.desktop_notification.terminal_notifier': Not used on non-Darwin systems
[2.435s] INFO:colcon.colcon_core.plugin_system:Skipping extension 'colcon_notification.desktop_notification.win32': Not used on non-Windows systems
[2.435s] INFO:colcon.colcon_notification.desktop_notification:Sending desktop notification using 'notify2'
[2.485s] DEBUG:colcon.colcon_core.event_reactor:joined thread
[2.486s] INFO:colcon.colcon_core.shell:Creating prefix script '/home/salem/Desktop/f1tenth-autonomous-racing/map1/gap_follower/install/local_setup.ps1'
[2.488s] INFO:colcon.colcon_core.shell:Creating prefix util module '/home/salem/Desktop/f1tenth-autonomous-racing/map1/gap_follower/install/_local_setup_util_ps1.py'
[2.490s] INFO:colcon.colcon_core.shell:Creating prefix chain script '/home/salem/Desktop/f1tenth-autonomous-racing/map1/gap_follower/install/setup.ps1'
[2.491s] INFO:colcon.colcon_core.shell:Creating prefix script '/home/salem/Desktop/f1tenth-autonomous-racing/map1/gap_follower/install/local_setup.sh'
[2.492s] INFO:colcon.colcon_core.shell:Creating prefix util module '/home/salem/Desktop/f1tenth-autonomous-racing/map1/gap_follower/install/_local_setup_util_sh.py'
[2.492s] INFO:colcon.colcon_core.shell:Creating prefix chain script '/home/salem/Desktop/f1tenth-autonomous-racing/map1/gap_follower/install/setup.sh'
[2.494s] INFO:colcon.colcon_core.shell:Creating prefix script '/home/salem/Desktop/f1tenth-autonomous-racing/map1/gap_follower/install/local_setup.bash'
[2.494s] INFO:colcon.colcon_core.shell:Creating prefix chain script '/home/salem/Desktop/f1tenth-autonomous-racing/map1/gap_follower/install/setup.bash'
[2.495s] INFO:colcon.colcon_core.shell:Creating prefix script '/home/salem/Desktop/f1tenth-autonomous-racing/map1/gap_follower/install/local_setup.zsh'
[2.496s] INFO:colcon.colcon_core.shell:Creating prefix chain script '/home/salem/Desktop/f1tenth-autonomous-racing/map1/gap_follower/install/setup.zsh'
