[0.925s] Invoking command in '/home/salem/Desktop/f1tenth-autonomous-racing/map1/gap_follower/src/gap_follower_pkg': PYTHONPATH=/home/salem/Desktop/f1tenth-autonomous-racing/map1/gap_follower/build/gap_follower_pkg/prefix_override:/usr/lib/python3/dist-packages/colcon_core/task/python/colcon_distutils_commands:/home/salem/Desktop/f1tenth-autonomous-racing/map1/gap_follower/install/gap_follower_pkg/lib/python3.8/site-packages:${PYTHONPATH} /usr/bin/python3 -W ignore:setup.py install is deprecated -W ignore:easy_install command is deprecated setup.py egg_info --egg-base ../../build/gap_follower_pkg build --build-base /home/salem/Desktop/f1tenth-autonomous-racing/map1/gap_follower/build/gap_follower_pkg/build install --record /home/salem/Desktop/f1tenth-autonomous-racing/map1/gap_follower/build/gap_follower_pkg/install.log --install-scripts $base/lib/gap_follower_pkg --single-version-externally-managed install_data
[1.181s] running egg_info
[1.182s] writing ../../build/gap_follower_pkg/gap_follower_pkg.egg-info/PKG-INFO
[1.183s] writing dependency_links to ../../build/gap_follower_pkg/gap_follower_pkg.egg-info/dependency_links.txt
[1.184s] writing entry points to ../../build/gap_follower_pkg/gap_follower_pkg.egg-info/entry_points.txt
[1.184s] writing requirements to ../../build/gap_follower_pkg/gap_follower_pkg.egg-info/requires.txt
[1.184s] writing top-level names to ../../build/gap_follower_pkg/gap_follower_pkg.egg-info/top_level.txt
[1.214s] reading manifest file '../../build/gap_follower_pkg/gap_follower_pkg.egg-info/SOURCES.txt'
[1.216s] writing manifest file '../../build/gap_follower_pkg/gap_follower_pkg.egg-info/SOURCES.txt'
[1.217s] running build
[1.217s] running build_py
[1.217s] copying gap_follower_pkg/gap_follower.py -> /home/salem/Desktop/f1tenth-autonomous-racing/map1/gap_follower/build/gap_follower_pkg/build/lib/gap_follower_pkg
[1.218s] running install
[1.219s] running install_lib
[1.220s] copying /home/salem/Desktop/f1tenth-autonomous-racing/map1/gap_follower/build/gap_follower_pkg/build/lib/gap_follower_pkg/gap_follower.py -> /home/salem/Desktop/f1tenth-autonomous-racing/map1/gap_follower/install/gap_follower_pkg/lib/python3.8/site-packages/gap_follower_pkg
[1.221s] byte-compiling /home/salem/Desktop/f1tenth-autonomous-racing/map1/gap_follower/install/gap_follower_pkg/lib/python3.8/site-packages/gap_follower_pkg/gap_follower.py to gap_follower.cpython-38.pyc
[1.222s]   File "/home/salem/Desktop/f1tenth-autonomous-racing/map1/gap_follower/install/gap_follower_pkg/lib/python3.8/site-packages/gap_follower_pkg/gap_follower.py", line 69
[1.222s]     smoother response
[1.222s]              ^
[1.222s] SyntaxError: invalid syntax
[1.223s] 
[1.223s] running install_data
[1.223s] running install_egg_info
[1.223s] removing '/home/salem/Desktop/f1tenth-autonomous-racing/map1/gap_follower/install/gap_follower_pkg/lib/python3.8/site-packages/gap_follower_pkg-0.0.0-py3.8.egg-info' (and everything under it)
[1.224s] Copying ../../build/gap_follower_pkg/gap_follower_pkg.egg-info to /home/salem/Desktop/f1tenth-autonomous-racing/map1/gap_follower/install/gap_follower_pkg/lib/python3.8/site-packages/gap_follower_pkg-0.0.0-py3.8.egg-info
[1.224s] running install_scripts
[1.252s] Installing exe script to /home/salem/Desktop/f1tenth-autonomous-racing/map1/gap_follower/install/gap_follower_pkg/lib/gap_follower_pkg
[1.252s] writing list of installed files to '/home/salem/Desktop/f1tenth-autonomous-racing/map1/gap_follower/build/gap_follower_pkg/install.log'
[1.287s] Invoked command in '/home/salem/Desktop/f1tenth-autonomous-racing/map1/gap_follower/src/gap_follower_pkg' returned '0': PYTHONPATH=/home/salem/Desktop/f1tenth-autonomous-racing/map1/gap_follower/build/gap_follower_pkg/prefix_override:/usr/lib/python3/dist-packages/colcon_core/task/python/colcon_distutils_commands:/home/salem/Desktop/f1tenth-autonomous-racing/map1/gap_follower/install/gap_follower_pkg/lib/python3.8/site-packages:${PYTHONPATH} /usr/bin/python3 -W ignore:setup.py install is deprecated -W ignore:easy_install command is deprecated setup.py egg_info --egg-base ../../build/gap_follower_pkg build --build-base /home/salem/Desktop/f1tenth-autonomous-racing/map1/gap_follower/build/gap_follower_pkg/build install --record /home/salem/Desktop/f1tenth-autonomous-racing/map1/gap_follower/build/gap_follower_pkg/install.log --install-scripts $base/lib/gap_follower_pkg --single-version-externally-managed install_data
